<?xml version="1.0" encoding="UTF-8"?>
<testsuite name="firstTest.MainTest" tests="1" skipped="0" failures="0" errors="0" timestamp="2020-11-25T14:52:38" hostname="Mac-mini-3.local" time="0.359">
  <properties/>
  <testcase name="checkHomePageUi" classname="firstTest.MainTest" time="0.359"/>
  <system-out><![CDATA[]]></system-out>
  <system-err><![CDATA[]]></system-err>
</testsuite>
