<?xml version="1.0" encoding="UTF-8"?>
<testsuite name="firstTest.MainTest" tests="1" skipped="0" failures="0" errors="0" timestamp="2020-12-14T20:06:41" hostname="VAL-ПК" time="6.937">
  <properties/>
  <testcase name="checkCreationNewCampaign" classname="firstTest.MainTest" time="6.937"/>
  <system-out><![CDATA[]]></system-out>
  <system-err><![CDATA[]]></system-err>
</testsuite>
